{
  "stats": {
    "suites": 2,
    "tests": 10,
    "passes": 10,
    "pending": 0,
    "failures": 0,
    "start": "2023-06-22T19:52:08.158Z",
    "end": "2023-06-22T19:54:24.750Z",
    "duration": 136592,
    "testsRegistered": 10,
    "passPercent": 100,
    "pendingPercent": 0,
    "other": 0,
    "hasOther": false,
    "skipped": 0,
    "hasSkipped": false
  },
  "results": [
    {
      "uuid": "5ebae124-ed39-49fa-9694-1b58d916edc7",
      "title": "",
      "fullFile": "cypress\\e2e\\projekt\\projekt.cy.js",
      "file": "cypress\\e2e\\projekt\\projekt.cy.js",
      "beforeHooks": [],
      "afterHooks": [],
      "tests": [],
      "suites": [
        {
          "uuid": "ec160578-2737-4421-b23f-5fc124517e7e",
          "title": "tests of cookie pop-up on x-kom.pl",
          "fullFile": "",
          "file": "",
          "beforeHooks": [],
          "afterHooks": [],
          "tests": [
            {
              "title": "accept cookies",
              "fullTitle": "tests of cookie pop-up on x-kom.pl accept cookies",
              "timedOut": null,
              "duration": 3562,
              "state": "passed",
              "speed": "fast",
              "pass": true,
              "fail": false,
              "pending": false,
              "context": "{\n  \"title\": \"cypress-mochawesome-reporter-videos-passed\",\n  \"value\": \"cypress\\\\e2e\\\\projekt\\\\projekt.cy.js\"\n}",
              "code": "xkom.getAcceptCookiesBtn().should('be.visible');\nxkom.getAcceptCookiesBtn().click();\nxkom.getAcceptCookiesBtn().should('be.not.visible');",
              "err": {},
              "uuid": "3378725f-86b7-48e8-9a09-185aad893bc4",
              "parentUUID": "ec160578-2737-4421-b23f-5fc124517e7e",
              "isHook": false,
              "skipped": false
            },
            {
              "title": "change a cookie setting",
              "fullTitle": "tests of cookie pop-up on x-kom.pl change a cookie setting",
              "timedOut": null,
              "duration": 4074,
              "state": "passed",
              "speed": "fast",
              "pass": true,
              "fail": false,
              "pending": false,
              "context": "{\n  \"title\": \"cypress-mochawesome-reporter-videos-passed\",\n  \"value\": \"cypress\\\\e2e\\\\projekt\\\\projekt.cy.js\"\n}",
              "code": "xkom.getSettingsBtn().should('be.visible');\nxkom.getSettingsBtn().click();\ncy.get('h3').should('contain', 'Dostosowujemy się do Ciebie');\ncy.get(':nth-child(5) > .sc-1p1bjrl-15 > .sc-1p1bjrl-17 > .sc-1s6540e-1 > .sc-1s6540e-0').should('have.attr', 'aria-pressed', 'false');\ncy.get(':nth-child(5) > .sc-1p1bjrl-15 > .sc-1p1bjrl-17 > .sc-1s6540e-1 > .sc-1s6540e-2').click();\ncy.get(':nth-child(5) > .sc-1p1bjrl-15 > .sc-1p1bjrl-17 > .sc-1s6540e-1 > .sc-1s6540e-0').should('have.attr', 'aria-pressed', 'true');\ncy.get('.sc-1p1bjrl-8').click();",
              "err": {},
              "uuid": "99f10236-7bae-47fe-9e43-cb8b8925c63c",
              "parentUUID": "ec160578-2737-4421-b23f-5fc124517e7e",
              "isHook": false,
              "skipped": false
            }
          ],
          "suites": [],
          "passes": [
            "3378725f-86b7-48e8-9a09-185aad893bc4",
            "99f10236-7bae-47fe-9e43-cb8b8925c63c"
          ],
          "failures": [],
          "pending": [],
          "skipped": [],
          "duration": 7636,
          "root": false,
          "rootEmpty": false,
          "_timeout": 2000
        },
        {
          "uuid": "8913f8c7-e887-4dee-93d1-2dab84338a30",
          "title": "testing main functionalities",
          "fullFile": "",
          "file": "",
          "beforeHooks": [],
          "afterHooks": [],
          "tests": [
            {
              "title": "search some e.g. product",
              "fullTitle": "testing main functionalities search some e.g. product",
              "timedOut": null,
              "duration": 7867,
              "state": "passed",
              "speed": "medium",
              "pass": true,
              "fail": false,
              "pending": false,
              "context": "{\n  \"title\": \"cypress-mochawesome-reporter-videos-passed\",\n  \"value\": \"cypress\\\\e2e\\\\projekt\\\\projekt.cy.js\"\n}",
              "code": "cy.closePopUp();\ncy.get('.sc-suk8z4-0').type('asus{enter}');\n//cy.get('.sc-1p0xkzn-7').click();\ncy.url().should('contain', 'asus');",
              "err": {},
              "uuid": "9eebdef3-6d68-4553-863b-40b46e743440",
              "parentUUID": "8913f8c7-e887-4dee-93d1-2dab84338a30",
              "isHook": false,
              "skipped": false
            },
            {
              "title": "adding item to shopbasket",
              "fullTitle": "testing main functionalities adding item to shopbasket",
              "timedOut": null,
              "duration": 19791,
              "state": "passed",
              "speed": "slow",
              "pass": true,
              "fail": false,
              "pending": false,
              "context": "{\n  \"title\": \"cypress-mochawesome-reporter-videos-passed\",\n  \"value\": \"cypress\\\\e2e\\\\projekt\\\\projekt.cy.js\"\n}",
              "code": "cy.closePopUp();\nxkom.getProduct().click();\ncy.get('.sc-1hdxfw1-1').click();\ncy.wait(5000);\ncy.get('.sc-1v4lzt5-12 > .sc-1h16fat-0').click();\ncy.wait(5000);\ncy.url().should('contain', 'koszyk');\ncy.get('.sc-1toiv8x-1').should('be.visible');",
              "err": {},
              "uuid": "71bdcead-d2d5-4a38-9bb7-a436480ed647",
              "parentUUID": "8913f8c7-e887-4dee-93d1-2dab84338a30",
              "isHook": false,
              "skipped": false
            },
            {
              "title": "delete products from basket",
              "fullTitle": "testing main functionalities delete products from basket",
              "timedOut": null,
              "duration": 23245,
              "state": "passed",
              "speed": "slow",
              "pass": true,
              "fail": false,
              "pending": false,
              "context": "{\n  \"title\": \"cypress-mochawesome-reporter-videos-passed\",\n  \"value\": \"cypress\\\\e2e\\\\projekt\\\\projekt.cy.js\"\n}",
              "code": "cy.closePopUp();\ncy.addItem();\ncy.get('.sc-an0bcv-13').click();\ncy.get('.bNbQMM > .sc-1tblmgq-1').click();\ncy.get('.sc-69bo37-1 > .sc-13bjpvm-2 > .sc-1h16fat-0').click();\ncy.get('.sc-1muoppy-5 > .sc-1h16fat-0').click();\ncy.get('.sc-1toiv8x-2').should('contain', 'Koszyk');\ncy.get('.sc-17bkz68-1 > .sc-w2d8hn-1 > .sc-w2d8hn-2').click();\ncy.get('.sc-1im0ihg-0').click();\ncy.get('.sc-1btrn13-1').should('contain', 'Twój koszyk jest pusty');",
              "err": {},
              "uuid": "5d6df322-b1c3-4128-a779-7fdf94483b3b",
              "parentUUID": "8913f8c7-e887-4dee-93d1-2dab84338a30",
              "isHook": false,
              "skipped": false
            },
            {
              "title": "change number of product",
              "fullTitle": "testing main functionalities change number of product",
              "timedOut": null,
              "duration": 21824,
              "state": "passed",
              "speed": "slow",
              "pass": true,
              "fail": false,
              "pending": false,
              "context": "{\n  \"title\": \"cypress-mochawesome-reporter-videos-passed\",\n  \"value\": \"cypress\\\\e2e\\\\projekt\\\\projekt.cy.js\"\n}",
              "code": "cy.closePopUp();\ncy.addItem();\ncy.get('.sc-1v4lzt5-12 > .sc-1h16fat-0').click();\ncy.wait(5000);\ncy.url().should('contain', 'koszyk');\ncy.get('.Select-arrow-zone').click();\ncy.get('.Select-menu-outer').children().children().eq(1).click();\ncy.get('.sc-3a7azd-2').should('contain', 'Liczba produktów zmieniona.');",
              "err": {},
              "uuid": "98e6f839-62f6-48a5-ae16-e5d9918325c1",
              "parentUUID": "8913f8c7-e887-4dee-93d1-2dab84338a30",
              "isHook": false,
              "skipped": false
            },
            {
              "title": "correct login",
              "fullTitle": "testing main functionalities correct login",
              "timedOut": null,
              "duration": 18735,
              "state": "passed",
              "speed": "slow",
              "pass": true,
              "fail": false,
              "pending": false,
              "context": "{\n  \"title\": \"cypress-mochawesome-reporter-videos-passed\",\n  \"value\": \"cypress\\\\e2e\\\\projekt\\\\projekt.cy.js\"\n}",
              "code": "cy.closePopUp();\ncy.get('.sc-69bo37-2 > .sc-13bjpvm-2 > .sc-1h16fat-0').click();\ncy.get('.sc-1ezn6wm-2').click();\ncy.get('.sc-dscwo7-1').should('contain', 'Zaloguj się');\ncy.get('.sc-1k5v2vw-0 > .sc-3ncbnj-0 > .sc-3ncbnj-3').type(_data.default[0].email);\ncy.get('.sc-1akovi1-0 > .sc-3ncbnj-0 > .sc-3ncbnj-3').type(_data.default[0].password);\ncy.get('.sc-6i4pc6-2').click();\ncy.get('.sc-ci2k79-5 > .sc-1ezn6wm-0 > .sc-1ezn6wm-10 > .sc-1ezn6wm-7 > .sc-a8nzxk-0 > :nth-child(1) > .sc-1h16fat-0 > .sc-fzoant').click();\ncy.url().should('contain', 'konto');",
              "err": {},
              "uuid": "4f647ddb-fe90-4f48-9293-0aa0ddad552d",
              "parentUUID": "8913f8c7-e887-4dee-93d1-2dab84338a30",
              "isHook": false,
              "skipped": false
            },
            {
              "title": "incorrect login details",
              "fullTitle": "testing main functionalities incorrect login details",
              "timedOut": null,
              "duration": 11686,
              "state": "passed",
              "speed": "slow",
              "pass": true,
              "fail": false,
              "pending": false,
              "context": "{\n  \"title\": \"cypress-mochawesome-reporter-videos-passed\",\n  \"value\": \"cypress\\\\e2e\\\\projekt\\\\projekt.cy.js\"\n}",
              "code": "cy.closePopUp();\ncy.get('.sc-69bo37-2 > .sc-13bjpvm-2 > .sc-1h16fat-0').click();\ncy.get('.sc-1ezn6wm-2').click();\ncy.get('.sc-dscwo7-1').should('contain', 'Zaloguj się');\ncy.get('.sc-1k5v2vw-0 > .sc-3ncbnj-0 > .sc-3ncbnj-3').type(_data.default[1].uncorretemail2);\ncy.get('.sc-1akovi1-0 > .sc-3ncbnj-0 > .sc-3ncbnj-3').type(_data.default[0].password);\ncy.get('.sc-6i4pc6-2').click();\ncy.get('.sc-1nwq0d4-1').should('contain', 'Sprawdź, czy adres e-mail i hasło są poprawne');",
              "err": {},
              "uuid": "70038412-b244-4590-8aef-0f15682dc618",
              "parentUUID": "8913f8c7-e887-4dee-93d1-2dab84338a30",
              "isHook": false,
              "skipped": false
            },
            {
              "title": "unsuccessful sign-up for newsletters",
              "fullTitle": "testing main functionalities unsuccessful sign-up for newsletters",
              "timedOut": null,
              "duration": 10896,
              "state": "passed",
              "speed": "slow",
              "pass": true,
              "fail": false,
              "pending": false,
              "context": "{\n  \"title\": \"cypress-mochawesome-reporter-videos-passed\",\n  \"value\": \"cypress\\\\e2e\\\\projekt\\\\projekt.cy.js\"\n}",
              "code": "cy.closePopUp();\ncy.get('.sc-1pdb6es-2 > .gDfVgj').scrollIntoView();\ncy.get('.sc-1s2eiz4-0').type(_data.default[1].uncorretemail1);\ncy.get('.sc-1pdb6es-2 > .gDfVgj').scrollIntoView();\ncy.get('.sc-6i4pc6-2').click();\ncy.get('.sc-1nwq0d4-1').should('contain', 'Adres e-mail jest niepoprawny. Adres musi mieć jeden znak @.');\ncy.get('.sc-1pdb6es-2 > .gDfVgj').scrollIntoView();\ncy.get('.sc-1s2eiz4-0').type(_data.default[1].uncorretemail2);\ncy.get('#brandZoneSection > .sc-10tkls1-0 > .sc-10tkls1-4 > .sc-10tkls1-5 > .sc-10tkls1-1').scrollIntoView();\ncy.get('.sc-6i4pc6-2').click();\ncy.get('.sc-1pdb6es-2 > .gDfVgj').scrollIntoView();\ncy.get('#error').should('contain', 'Wpisz poprawny adres email.');",
              "err": {},
              "uuid": "a2b4c634-d37e-4136-880b-138466a1ca37",
              "parentUUID": "8913f8c7-e887-4dee-93d1-2dab84338a30",
              "isHook": false,
              "skipped": false
            },
            {
              "title": "add review",
              "fullTitle": "testing main functionalities add review",
              "timedOut": null,
              "duration": 14399,
              "state": "passed",
              "speed": "slow",
              "pass": true,
              "fail": false,
              "pending": false,
              "context": "{\n  \"title\": \"cypress-mochawesome-reporter-videos-passed\",\n  \"value\": \"cypress\\\\e2e\\\\projekt\\\\projekt.cy.js\"\n}",
              "code": "cy.closePopUp();\nxkom.getProduct().click();\ncy.get(':nth-child(5) > .sc-94cfiy-2').click();\ncy.get('.sc-1b6o3ri-6 > .sc-15ih3hi-0').click();\ncy.get('.sc-1yi0v8e-0 > .sc-3g60u5-0 > .sc-1ngc1lj-0 > :nth-child(5) > .sc-1tblmgq-1').click();\ncy.get(':nth-child(6) > .sc-1k5v2vw-0 > .sc-3ncbnj-0 > .sc-3ncbnj-3').type('Ola');\ncy.get(':nth-child(7) > .sc-1k5v2vw-0 > .sc-3ncbnj-0 > .sc-3ncbnj-3').type(_data.default[0].email);\ncy.get('.sc-1wwtgpq-0').type('Super sprzęt');\ncy.get(':nth-child(11) > .sc-15ih3hi-0').click();\ncy.get('.sc-fzqPZZ').should('contain', 'Twoja opinia została wysłana');",
              "err": {},
              "uuid": "e7a8f1e1-5c57-45b4-bf56-d40420cc77d9",
              "parentUUID": "8913f8c7-e887-4dee-93d1-2dab84338a30",
              "isHook": false,
              "skipped": false
            }
          ],
          "suites": [],
          "passes": [
            "9eebdef3-6d68-4553-863b-40b46e743440",
            "71bdcead-d2d5-4a38-9bb7-a436480ed647",
            "5d6df322-b1c3-4128-a779-7fdf94483b3b",
            "98e6f839-62f6-48a5-ae16-e5d9918325c1",
            "4f647ddb-fe90-4f48-9293-0aa0ddad552d",
            "70038412-b244-4590-8aef-0f15682dc618",
            "a2b4c634-d37e-4136-880b-138466a1ca37",
            "e7a8f1e1-5c57-45b4-bf56-d40420cc77d9"
          ],
          "failures": [],
          "pending": [],
          "skipped": [],
          "duration": 128443,
          "root": false,
          "rootEmpty": false,
          "_timeout": 2000
        }
      ],
      "passes": [],
      "failures": [],
      "pending": [],
      "skipped": [],
      "duration": 0,
      "root": true,
      "rootEmpty": true,
      "_timeout": 2000
    }
  ],
  "meta": {
    "mocha": {
      "version": "7.0.1"
    },
    "mochawesome": {
      "options": {
        "quiet": false,
        "reportFilename": "[name]-report",
        "saveHtml": true,
        "saveJson": true,
        "consoleReporter": "spec",
        "useInlineDiffs": false,
        "code": true
      },
      "version": "7.1.3"
    },
    "marge": {
      "options": {
        "reportFilename": "[name]-report",
        "overwrite": true,
        "html": true,
        "json": true
      },
      "version": "6.2.0"
    }
  }
}